<?xml version="1.0" encoding="UTF-8"?>
<testsuite xmlns:xsi="http://www.w3.org/2001/XMLSchema-instance" xsi:noNamespaceSchemaLocation="https://maven.apache.org/surefire/maven-surefire-plugin/xsd/surefire-test-report.xsd" version="3.0.2" name="com.upskill.product.ProductApplicationTests" time="15.236" tests="1" errors="0" skipped="0" failures="0">
  <properties>
[...]
</properties>
  <testcase name="contextLoads" classname="com.upskill.product.ProductApplicationTests" time="0.331">
    <system-out><![CDATA[18:58:39.456 [main] INFO org.springframework.test.context.support.AnnotationConfigContextLoaderUtils -- Could not detect default configuration classes for test class [com.upskill.product.ProductApplicationTests]: ProductApplicationTests does not declare any static, non-private, non-final, nested classes annotated with @Configuration.
18:58:39.511 [main] INFO org.springframework.boot.test.context.SpringBootTestContextBootstrapper -- Found @SpringBootConfiguration com.upskill.product.ProductApplication for test class com.upskill.product.ProductApplicationTests
18:58:39.711 [main] INFO org.springframework.boot.devtools.restart.RestartApplicationListener -- Restart disabled due to context in which it is running

  .   ____          _            __ _ _
 /\\ / ___'_ __ _ _(_)_ __  __ _ \ \ \ \
( ( )\___ | '_ | '_| | '_ \/ _` | \ \ \ \
 \\/  ___)| |_)| | | | | || (_| |  ) ) ) )
  '  |____| .__|_| |_|_| |_\__, | / / / /
 =========|_|==============|___/=/_/_/_/

 :: Spring Boot ::                (v3.4.1)

2025-01-26T18:58:40.087+08:00  INFO 84393 --- [product] [           main] c.u.product.ProductApplicationTests      : Starting ProductApplicationTests using Java 22.0.1 with PID 84393 (started by win in /Users/win/Documents/FullStack/IBM/upskill/product)
2025-01-26T18:58:40.087+08:00  INFO 84393 --- [product] [           main] c.u.product.ProductApplicationTests      : No active profile set, falling back to 1 default profile: "default"
2025-01-26T18:58:40.101+08:00  INFO 84393 --- [product] [           main] o.s.c.c.c.ConfigServerConfigDataLoader   : Fetching config from server at : http://localhost:8888
2025-01-26T18:58:40.101+08:00  INFO 84393 --- [product] [           main] o.s.c.c.c.ConfigServerConfigDataLoader   : Exception on Url - http://localhost:8888:org.springframework.web.client.ResourceAccessException: I/O error on GET request for "http://localhost:8888/product/default": Connection refused. Will be trying the next url if available
2025-01-26T18:58:40.101+08:00  WARN 84393 --- [product] [           main] o.s.c.c.c.ConfigServerConfigDataLoader   : Could not locate PropertySource ([ConfigServerConfigDataResource@7fb33394 uris = array<String>['http://localhost:8888'], optional = true, profiles = 'default']): I/O error on GET request for "http://localhost:8888/product/default": Connection refused
2025-01-26T18:58:40.101+08:00  INFO 84393 --- [product] [           main] o.s.c.c.c.ConfigServerConfigDataLoader   : Fetching config from server at : http://localhost:8888
2025-01-26T18:58:40.101+08:00  INFO 84393 --- [product] [           main] o.s.c.c.c.ConfigServerConfigDataLoader   : Exception on Url - http://localhost:8888:org.springframework.web.client.ResourceAccessException: I/O error on GET request for "http://localhost:8888/product/default": Connection refused. Will be trying the next url if available
2025-01-26T18:58:40.101+08:00  WARN 84393 --- [product] [           main] o.s.c.c.c.ConfigServerConfigDataLoader   : Could not locate PropertySource ([ConfigServerConfigDataResource@2a32fb6 uris = array<String>['http://localhost:8888'], optional = true, profiles = 'default']): I/O error on GET request for "http://localhost:8888/product/default": Connection refused
2025-01-26T18:58:40.101+08:00  INFO 84393 --- [product] [           main] o.s.c.c.c.ConfigServerConfigDataLoader   : Fetching config from server at : http://localhost:8888
2025-01-26T18:58:40.101+08:00  INFO 84393 --- [product] [           main] o.s.c.c.c.ConfigServerConfigDataLoader   : Exception on Url - http://localhost:8888:org.springframework.web.client.ResourceAccessException: I/O error on GET request for "http://localhost:8888/product/default": Connection refused. Will be trying the next url if available
2025-01-26T18:58:40.101+08:00  WARN 84393 --- [product] [           main] o.s.c.c.c.ConfigServerConfigDataLoader   : Could not locate PropertySource ([ConfigServerConfigDataResource@6107165 uris = array<String>['http://localhost:8888'], optional = true, profiles = 'default']): I/O error on GET request for "http://localhost:8888/product/default": Connection refused
2025-01-26T18:58:40.575+08:00  INFO 84393 --- [product] [           main] .s.d.r.c.RepositoryConfigurationDelegate : Bootstrapping Spring Data JPA repositories in DEFAULT mode.
2025-01-26T18:58:40.642+08:00  INFO 84393 --- [product] [           main] .s.d.r.c.RepositoryConfigurationDelegate : Finished Spring Data repository scanning in 62 ms. Found 1 JPA repository interface.
2025-01-26T18:58:40.771+08:00  INFO 84393 --- [product] [           main] o.s.cloud.context.scope.GenericScope     : BeanFactory id=a0fe74cf-0f87-3a75-842f-94e217fe0547
2025-01-26T18:58:41.029+08:00  INFO 84393 --- [product] [           main] o.hibernate.jpa.internal.util.LogHelper  : HHH000204: Processing PersistenceUnitInfo [name: default]
2025-01-26T18:58:41.062+08:00  INFO 84393 --- [product] [           main] org.hibernate.Version                    : HHH000412: Hibernate ORM core version 6.6.4.Final
2025-01-26T18:58:41.080+08:00  INFO 84393 --- [product] [           main] o.h.c.internal.RegionFactoryInitiator    : HHH000026: Second-level cache disabled
2025-01-26T18:58:41.210+08:00  INFO 84393 --- [product] [           main] o.s.o.j.p.SpringPersistenceUnitInfo      : No LoadTimeWeaver setup: ignoring JPA class transformer
2025-01-26T18:58:41.224+08:00  INFO 84393 --- [product] [           main] com.zaxxer.hikari.HikariDataSource       : HikariPool-1 - Starting...
2025-01-26T18:58:44.286+08:00  INFO 84393 --- [product] [           main] com.zaxxer.hikari.pool.HikariPool        : HikariPool-1 - Added connection com.mysql.cj.jdbc.ConnectionImpl@1bd6638
2025-01-26T18:58:44.290+08:00  INFO 84393 --- [product] [           main] com.zaxxer.hikari.HikariDataSource       : HikariPool-1 - Start completed.
2025-01-26T18:58:44.929+08:00  INFO 84393 --- [product] [           main] org.hibernate.orm.connections.pooling    : HHH10001005: Database info:
	Database JDBC URL [Connecting through datasource 'HikariDataSource (HikariPool-1)']
	Database driver: undefined/unknown
	Database version: 9.2
	Autocommit mode: undefined/unknown
	Isolation level: undefined/unknown
	Minimum pool size: undefined/unknown
	Maximum pool size: undefined/unknown
2025-01-26T18:58:45.308+08:00  INFO 84393 --- [product] [           main] o.h.e.t.j.p.i.JtaPlatformInitiator       : HHH000489: No JTA platform available (set 'hibernate.transaction.jta.platform' to enable JTA platform integration)
Hibernate: drop table if exists product
Hibernate: create table product (category_id integer, discount integer not null, id integer not null, price integer not null, stock integer not null, brand varchar(255), image varchar(255), name varchar(255), primary key (id)) engine=InnoDB
2025-01-26T18:58:47.309+08:00  INFO 84393 --- [product] [           main] j.LocalContainerEntityManagerFactoryBean : Initialized JPA EntityManagerFactory for persistence unit 'default'
2025-01-26T18:58:47.400+08:00  WARN 84393 --- [product] [           main] JpaBaseConfiguration$JpaWebConfiguration : spring.jpa.open-in-view is enabled by default. Therefore, database queries may be performed during view rendering. Explicitly configure spring.jpa.open-in-view to disable this warning
2025-01-26T18:58:47.709+08:00  INFO 84393 --- [product] [           main] o.s.c.openfeign.FeignClientFactoryBean   : For 'CATEGORY' URL not provided. Will try picking an instance via load-balancing.
2025-01-26T18:58:53.401+08:00  INFO 84393 --- [product] [           main] DiscoveryClientOptionalArgsConfiguration : Eureka HTTP Client uses RestTemplate.
2025-01-26T18:58:53.421+08:00  WARN 84393 --- [product] [           main] iguration$LoadBalancerCaffeineWarnLogger : Spring Cloud LoadBalancer is currently working with the default cache. While this cache implementation is useful for development and tests, it's recommended to use Caffeine cache in production.You can switch to using Caffeine cache, by adding it and org.springframework.cache.caffeine.CaffeineCacheManager to the classpath.
2025-01-26T18:58:53.432+08:00  INFO 84393 --- [product] [           main] o.s.b.a.e.web.EndpointLinksResolver      : Exposing 17 endpoints beneath base path '/actuator'
2025-01-26T18:58:53.474+08:00  INFO 84393 --- [product] [           main] o.s.c.n.eureka.InstanceInfoFactory       : Setting initial instance status as: STARTING
2025-01-26T18:58:53.487+08:00  INFO 84393 --- [product] [           main] com.netflix.discovery.DiscoveryClient    : Initializing Eureka in region us-east-1
2025-01-26T18:58:53.489+08:00  INFO 84393 --- [product] [           main] c.n.d.s.r.aws.ConfigClusterResolver      : Resolving eureka endpoints via configuration
2025-01-26T18:58:53.492+08:00  INFO 84393 --- [product] [           main] com.netflix.discovery.DiscoveryClient    : Disable delta property : false
2025-01-26T18:58:53.492+08:00  INFO 84393 --- [product] [           main] com.netflix.discovery.DiscoveryClient    : Single vip registry refresh property : null
2025-01-26T18:58:53.492+08:00  INFO 84393 --- [product] [           main] com.netflix.discovery.DiscoveryClient    : Force full registry fetch : false
2025-01-26T18:58:53.492+08:00  INFO 84393 --- [product] [           main] com.netflix.discovery.DiscoveryClient    : Application is null : false
2025-01-26T18:58:53.492+08:00  INFO 84393 --- [product] [           main] com.netflix.discovery.DiscoveryClient    : Registered Applications size is zero : true
2025-01-26T18:58:53.492+08:00  INFO 84393 --- [product] [           main] com.netflix.discovery.DiscoveryClient    : Application version is -1: true
2025-01-26T18:58:53.492+08:00  INFO 84393 --- [product] [           main] com.netflix.discovery.DiscoveryClient    : Getting all instance registry info from the eureka server
2025-01-26T18:58:54.198+08:00  INFO 84393 --- [product] [           main] com.netflix.discovery.DiscoveryClient    : The response status is 200
2025-01-26T18:58:54.200+08:00  INFO 84393 --- [product] [           main] com.netflix.discovery.DiscoveryClient    : Starting heartbeat executor: renew interval is: 30
2025-01-26T18:58:54.201+08:00  INFO 84393 --- [product] [           main] c.n.discovery.InstanceInfoReplicator     : InstanceInfoReplicator onDemand update allowed rate per min is 4
2025-01-26T18:58:54.201+08:00  INFO 84393 --- [product] [           main] com.netflix.discovery.DiscoveryClient    : Discovery Client initialized at timestamp 1737889134201 with initial instances count: 1
2025-01-26T18:58:54.206+08:00  INFO 84393 --- [product] [           main] o.s.c.n.e.s.EurekaServiceRegistry        : Registering application PRODUCT with eureka with status UP
2025-01-26T18:58:54.206+08:00  INFO 84393 --- [product] [           main] com.netflix.discovery.DiscoveryClient    : Saw local status change event StatusChangeEvent [timestamp=1737889134206, current=UP, previous=STARTING]
2025-01-26T18:58:54.207+08:00  INFO 84393 --- [product] [foReplicator-%d] com.netflix.discovery.DiscoveryClient    : DiscoveryClient_PRODUCT/172.20.10.4:product:8200: registering service...
2025-01-26T18:58:54.227+08:00  INFO 84393 --- [product] [           main] c.u.product.ProductApplicationTests      : Started ProductApplicationTests in 14.524 seconds (process running for 15.118)
]]></system-out>
    <system-err><![CDATA[Mockito is currently self-attaching to enable the inline-mock-maker. This will no longer work in future releases of the JDK. Please add Mockito as an agent to your build what is described in Mockito's documentation: https://javadoc.io/doc/org.mockito/mockito-core/latest/org/mockito/Mockito.html#0.3
WARNING: A Java agent has been loaded dynamically (/Users/win/.m2/repository/net/bytebuddy/byte-buddy-agent/1.15.11/byte-buddy-agent-1.15.11.jar)
WARNING: If a serviceability tool is in use, please run with -XX:+EnableDynamicAgentLoading to hide this warning
WARNING: If a serviceability tool is not in use, please run with -Djdk.instrument.traceUsage for more information
WARNING: Dynamic loading of agents will be disallowed by default in a future release
]]></system-err>
  </testcase>
</testsuite>