<?xml version="1.0" encoding="UTF-8"?>
<testsuite xmlns:xsi="http://www.w3.org/2001/XMLSchema-instance" xsi:noNamespaceSchemaLocation="https://maven.apache.org/surefire/maven-surefire-plugin/xsd/surefire-test-report-3.0.xsd" version="3.0" name="com.in28minutes.microservices.namingserver.NamingServerApplicationTests" time="2.447" tests="1" errors="0" skipped="0" failures="0">
  <properties>
[...]
</properties>
  <testcase name="contextLoads" classname="com.in28minutes.microservices.namingserver.NamingServerApplicationTests" time="0.482">
    <system-out><![CDATA[17:53:35.081 [main] INFO org.springframework.test.context.support.AnnotationConfigContextLoaderUtils -- Could not detect default configuration classes for test class [com.in28minutes.microservices.namingserver.NamingServerApplicationTests]: NamingServerApplicationTests does not declare any static, non-private, non-final, nested classes annotated with @Configuration.
17:53:35.125 [main] INFO org.springframework.boot.test.context.SpringBootTestContextBootstrapper -- Found @SpringBootConfiguration com.in28minutes.microservices.namingserver.NamingServerApplication for test class com.in28minutes.microservices.namingserver.NamingServerApplicationTests
17:53:35.198 [main] INFO org.springframework.boot.devtools.restart.RestartApplicationListener -- Restart disabled due to context in which it is running

  .   ____          _            __ _ _
 /\\ / ___'_ __ _ _(_)_ __  __ _ \ \ \ \
( ( )\___ | '_ | '_| | '_ \/ _` | \ \ \ \
 \\/  ___)| |_)| | | | | || (_| |  ) ) ) )
  '  |____| .__|_| |_|_| |_\__, | / / / /
 =========|_|==============|___/=/_/_/_/
&amp#27;[32m :: Spring Boot :: &amp#27;[39m              &amp#27;[2m (v3.2.1)&amp#27;[0;39m

&amp#27;[2m2025-01-26T17:53:35.601+08:00&amp#27;[0;39m &amp#27;[32m INFO&amp#27;[0;39m &amp#27;[35m66356&amp#27;[0;39m &amp#27;[2m---&amp#27;[0;39m &amp#27;[2m[naming-server] [           main]&amp#27;[0;39m &amp#27;[2m&amp#27;[0;39m&amp#27;[36mc.i.m.n.NamingServerApplicationTests    &amp#27;[0;39m &amp#27;[2m:&amp#27;[0;39m Starting NamingServerApplicationTests using Java 22.0.1 with PID 66356 (started by win in /Users/win/Documents/FullStack/IBM/upskill/naming-server)
&amp#27;[2m2025-01-26T17:53:35.601+08:00&amp#27;[0;39m &amp#27;[32m INFO&amp#27;[0;39m &amp#27;[35m66356&amp#27;[0;39m &amp#27;[2m---&amp#27;[0;39m &amp#27;[2m[naming-server] [           main]&amp#27;[0;39m &amp#27;[2m&amp#27;[0;39m&amp#27;[36mc.i.m.n.NamingServerApplicationTests    &amp#27;[0;39m &amp#27;[2m:&amp#27;[0;39m No active profile set, falling back to 1 default profile: "default"
&amp#27;[2m2025-01-26T17:53:35.614+08:00&amp#27;[0;39m &amp#27;[32m INFO&amp#27;[0;39m &amp#27;[35m66356&amp#27;[0;39m &amp#27;[2m---&amp#27;[0;39m &amp#27;[2m[naming-server] [           main]&amp#27;[0;39m &amp#27;[2m&amp#27;[0;39m&amp#27;[36mo.s.c.c.c.ConfigServerConfigDataLoader  &amp#27;[0;39m &amp#27;[2m:&amp#27;[0;39m Fetching config from server at : http://localhost:8888
&amp#27;[2m2025-01-26T17:53:35.614+08:00&amp#27;[0;39m &amp#27;[32m INFO&amp#27;[0;39m &amp#27;[35m66356&amp#27;[0;39m &amp#27;[2m---&amp#27;[0;39m &amp#27;[2m[naming-server] [           main]&amp#27;[0;39m &amp#27;[2m&amp#27;[0;39m&amp#27;[36mo.s.c.c.c.ConfigServerConfigDataLoader  &amp#27;[0;39m &amp#27;[2m:&amp#27;[0;39m Exception on Url - http://localhost:8888:org.springframework.web.client.ResourceAccessException: I/O error on GET request for "http://localhost:8888/naming-server/default": Connection refused. Will be trying the next url if available
&amp#27;[2m2025-01-26T17:53:35.614+08:00&amp#27;[0;39m &amp#27;[33m WARN&amp#27;[0;39m &amp#27;[35m66356&amp#27;[0;39m &amp#27;[2m---&amp#27;[0;39m &amp#27;[2m[naming-server] [           main]&amp#27;[0;39m &amp#27;[2m&amp#27;[0;39m&amp#27;[36mo.s.c.c.c.ConfigServerConfigDataLoader  &amp#27;[0;39m &amp#27;[2m:&amp#27;[0;39m Could not locate PropertySource ([ConfigServerConfigDataResource@2bc9a775 uris = array<String>['http://localhost:8888'], optional = true, profiles = 'default']): I/O error on GET request for "http://localhost:8888/naming-server/default": Connection refused
&amp#27;[2m2025-01-26T17:53:35.614+08:00&amp#27;[0;39m &amp#27;[32m INFO&amp#27;[0;39m &amp#27;[35m66356&amp#27;[0;39m &amp#27;[2m---&amp#27;[0;39m &amp#27;[2m[naming-server] [           main]&amp#27;[0;39m &amp#27;[2m&amp#27;[0;39m&amp#27;[36mo.s.c.c.c.ConfigServerConfigDataLoader  &amp#27;[0;39m &amp#27;[2m:&amp#27;[0;39m Fetching config from server at : http://localhost:8888
&amp#27;[2m2025-01-26T17:53:35.614+08:00&amp#27;[0;39m &amp#27;[32m INFO&amp#27;[0;39m &amp#27;[35m66356&amp#27;[0;39m &amp#27;[2m---&amp#27;[0;39m &amp#27;[2m[naming-server] [           main]&amp#27;[0;39m &amp#27;[2m&amp#27;[0;39m&amp#27;[36mo.s.c.c.c.ConfigServerConfigDataLoader  &amp#27;[0;39m &amp#27;[2m:&amp#27;[0;39m Exception on Url - http://localhost:8888:org.springframework.web.client.ResourceAccessException: I/O error on GET request for "http://localhost:8888/naming-server/default": Connection refused. Will be trying the next url if available
&amp#27;[2m2025-01-26T17:53:35.614+08:00&amp#27;[0;39m &amp#27;[33m WARN&amp#27;[0;39m &amp#27;[35m66356&amp#27;[0;39m &amp#27;[2m---&amp#27;[0;39m &amp#27;[2m[naming-server] [           main]&amp#27;[0;39m &amp#27;[2m&amp#27;[0;39m&amp#27;[36mo.s.c.c.c.ConfigServerConfigDataLoader  &amp#27;[0;39m &amp#27;[2m:&amp#27;[0;39m Could not locate PropertySource ([ConfigServerConfigDataResource@1d25c1c uris = array<String>['http://localhost:8888'], optional = true, profiles = 'default']): I/O error on GET request for "http://localhost:8888/naming-server/default": Connection refused
&amp#27;[2m2025-01-26T17:53:35.614+08:00&amp#27;[0;39m &amp#27;[32m INFO&amp#27;[0;39m &amp#27;[35m66356&amp#27;[0;39m &amp#27;[2m---&amp#27;[0;39m &amp#27;[2m[naming-server] [           main]&amp#27;[0;39m &amp#27;[2m&amp#27;[0;39m&amp#27;[36mo.s.c.c.c.ConfigServerConfigDataLoader  &amp#27;[0;39m &amp#27;[2m:&amp#27;[0;39m Fetching config from server at : http://localhost:8888
&amp#27;[2m2025-01-26T17:53:35.614+08:00&amp#27;[0;39m &amp#27;[32m INFO&amp#27;[0;39m &amp#27;[35m66356&amp#27;[0;39m &amp#27;[2m---&amp#27;[0;39m &amp#27;[2m[naming-server] [           main]&amp#27;[0;39m &amp#27;[2m&amp#27;[0;39m&amp#27;[36mo.s.c.c.c.ConfigServerConfigDataLoader  &amp#27;[0;39m &amp#27;[2m:&amp#27;[0;39m Exception on Url - http://localhost:8888:org.springframework.web.client.ResourceAccessException: I/O error on GET request for "http://localhost:8888/naming-server/default": Connection refused. Will be trying the next url if available
&amp#27;[2m2025-01-26T17:53:35.614+08:00&amp#27;[0;39m &amp#27;[33m WARN&amp#27;[0;39m &amp#27;[35m66356&amp#27;[0;39m &amp#27;[2m---&amp#27;[0;39m &amp#27;[2m[naming-server] [           main]&amp#27;[0;39m &amp#27;[2m&amp#27;[0;39m&amp#27;[36mo.s.c.c.c.ConfigServerConfigDataLoader  &amp#27;[0;39m &amp#27;[2m:&amp#27;[0;39m Could not locate PropertySource ([ConfigServerConfigDataResource@de88ac6 uris = array<String>['http://localhost:8888'], optional = true, profiles = 'default']): I/O error on GET request for "http://localhost:8888/naming-server/default": Connection refused
&amp#27;[2m2025-01-26T17:53:36.073+08:00&amp#27;[0;39m &amp#27;[32m INFO&amp#27;[0;39m &amp#27;[35m66356&amp#27;[0;39m &amp#27;[2m---&amp#27;[0;39m &amp#27;[2m[naming-server] [           main]&amp#27;[0;39m &amp#27;[2m&amp#27;[0;39m&amp#27;[36mo.s.cloud.context.scope.GenericScope    &amp#27;[0;39m &amp#27;[2m:&amp#27;[0;39m BeanFactory id=8eec1069-b87e-38ac-a3bf-c09d38dbcb6b
&amp#27;[2m2025-01-26T17:53:36.114+08:00&amp#27;[0;39m &amp#27;[33m WARN&amp#27;[0;39m &amp#27;[35m66356&amp#27;[0;39m &amp#27;[2m---&amp#27;[0;39m &amp#27;[2m[naming-server] [           main]&amp#27;[0;39m &amp#27;[2m&amp#27;[0;39m&amp#27;[36mtrationDelegate$BeanPostProcessorChecker&amp#27;[0;39m &amp#27;[2m:&amp#27;[0;39m Bean 'org.springframework.cloud.client.loadbalancer.LoadBalancerAutoConfiguration$LoadBalancerInterceptorConfig' of type [org.springframework.cloud.client.loadbalancer.LoadBalancerAutoConfiguration$LoadBalancerInterceptorConfig] is not eligible for getting processed by all BeanPostProcessors (for example: not eligible for auto-proxying). The currently created BeanPostProcessor [lbRestClientPostProcessor] is declared through a non-static factory method on that class; consider declaring it as static instead.
&amp#27;[2m2025-01-26T17:53:36.116+08:00&amp#27;[0;39m &amp#27;[33m WARN&amp#27;[0;39m &amp#27;[35m66356&amp#27;[0;39m &amp#27;[2m---&amp#27;[0;39m &amp#27;[2m[naming-server] [           main]&amp#27;[0;39m &amp#27;[2m&amp#27;[0;39m&amp#27;[36mtrationDelegate$BeanPostProcessorChecker&amp#27;[0;39m &amp#27;[2m:&amp#27;[0;39m Bean 'org.springframework.cloud.loadbalancer.config.BlockingLoadBalancerClientAutoConfiguration' of type [org.springframework.cloud.loadbalancer.config.BlockingLoadBalancerClientAutoConfiguration] is not eligible for getting processed by all BeanPostProcessors (for example: not eligible for auto-proxying). Is this bean getting eagerly injected into a currently created BeanPostProcessor [lbRestClientPostProcessor]? Check the corresponding BeanPostProcessor declaration and its dependencies.
&amp#27;[2m2025-01-26T17:53:36.117+08:00&amp#27;[0;39m &amp#27;[33m WARN&amp#27;[0;39m &amp#27;[35m66356&amp#27;[0;39m &amp#27;[2m---&amp#27;[0;39m &amp#27;[2m[naming-server] [           main]&amp#27;[0;39m &amp#27;[2m&amp#27;[0;39m&amp#27;[36mtrationDelegate$BeanPostProcessorChecker&amp#27;[0;39m &amp#27;[2m:&amp#27;[0;39m Bean 'org.springframework.cloud.loadbalancer.config.LoadBalancerAutoConfiguration' of type [org.springframework.cloud.loadbalancer.config.LoadBalancerAutoConfiguration] is not eligible for getting processed by all BeanPostProcessors (for example: not eligible for auto-proxying). Is this bean getting eagerly injected into a currently created BeanPostProcessor [lbRestClientPostProcessor]? Check the corresponding BeanPostProcessor declaration and its dependencies.
&amp#27;[2m2025-01-26T17:53:36.120+08:00&amp#27;[0;39m &amp#27;[33m WARN&amp#27;[0;39m &amp#27;[35m66356&amp#27;[0;39m &amp#27;[2m---&amp#27;[0;39m &amp#27;[2m[naming-server] [           main]&amp#27;[0;39m &amp#27;[2m&amp#27;[0;39m&amp#27;[36mtrationDelegate$BeanPostProcessorChecker&amp#27;[0;39m &amp#27;[2m:&amp#27;[0;39m Bean 'org.springframework.cloud.commons.config.CommonsConfigAutoConfiguration' of type [org.springframework.cloud.commons.config.CommonsConfigAutoConfiguration] is not eligible for getting processed by all BeanPostProcessors (for example: not eligible for auto-proxying). Is this bean getting eagerly injected into a currently created BeanPostProcessor [lbRestClientPostProcessor]? Check the corresponding BeanPostProcessor declaration and its dependencies.
&amp#27;[2m2025-01-26T17:53:36.121+08:00&amp#27;[0;39m &amp#27;[33m WARN&amp#27;[0;39m &amp#27;[35m66356&amp#27;[0;39m &amp#27;[2m---&amp#27;[0;39m &amp#27;[2m[naming-server] [           main]&amp#27;[0;39m &amp#27;[2m&amp#27;[0;39m&amp#27;[36mtrationDelegate$BeanPostProcessorChecker&amp#27;[0;39m &amp#27;[2m:&amp#27;[0;39m Bean 'org.springframework.cloud.client.loadbalancer.LoadBalancerDefaultMappingsProviderAutoConfiguration' of type [org.springframework.cloud.client.loadbalancer.LoadBalancerDefaultMappingsProviderAutoConfiguration] is not eligible for getting processed by all BeanPostProcessors (for example: not eligible for auto-proxying). Is this bean getting eagerly injected into a currently created BeanPostProcessor [lbRestClientPostProcessor]? Check the corresponding BeanPostProcessor declaration and its dependencies.
&amp#27;[2m2025-01-26T17:53:36.121+08:00&amp#27;[0;39m &amp#27;[33m WARN&amp#27;[0;39m &amp#27;[35m66356&amp#27;[0;39m &amp#27;[2m---&amp#27;[0;39m &amp#27;[2m[naming-server] [           main]&amp#27;[0;39m &amp#27;[2m&amp#27;[0;39m&amp#27;[36mtrationDelegate$BeanPostProcessorChecker&amp#27;[0;39m &amp#27;[2m:&amp#27;[0;39m Bean 'loadBalancerClientsDefaultsMappingsProvider' of type [org.springframework.cloud.client.loadbalancer.LoadBalancerDefaultMappingsProviderAutoConfiguration$$Lambda/0x000001f00142e7b0] is not eligible for getting processed by all BeanPostProcessors (for example: not eligible for auto-proxying). Is this bean getting eagerly injected into a currently created BeanPostProcessor [lbRestClientPostProcessor]? Check the corresponding BeanPostProcessor declaration and its dependencies.
&amp#27;[2m2025-01-26T17:53:36.122+08:00&amp#27;[0;39m &amp#27;[33m WARN&amp#27;[0;39m &amp#27;[35m66356&amp#27;[0;39m &amp#27;[2m---&amp#27;[0;39m &amp#27;[2m[naming-server] [           main]&amp#27;[0;39m &amp#27;[2m&amp#27;[0;39m&amp#27;[36mtrationDelegate$BeanPostProcessorChecker&amp#27;[0;39m &amp#27;[2m:&amp#27;[0;39m Bean 'defaultsBindHandlerAdvisor' of type [org.springframework.cloud.commons.config.DefaultsBindHandlerAdvisor] is not eligible for getting processed by all BeanPostProcessors (for example: not eligible for auto-proxying). Is this bean getting eagerly injected into a currently created BeanPostProcessor [lbRestClientPostProcessor]? Check the corresponding BeanPostProcessor declaration and its dependencies.
&amp#27;[2m2025-01-26T17:53:36.126+08:00&amp#27;[0;39m &amp#27;[33m WARN&amp#27;[0;39m &amp#27;[35m66356&amp#27;[0;39m &amp#27;[2m---&amp#27;[0;39m &amp#27;[2m[naming-server] [           main]&amp#27;[0;39m &amp#27;[2m&amp#27;[0;39m&amp#27;[36mtrationDelegate$BeanPostProcessorChecker&amp#27;[0;39m &amp#27;[2m:&amp#27;[0;39m Bean 'spring.cloud.loadbalancer-org.springframework.cloud.client.loadbalancer.LoadBalancerClientsProperties' of type [org.springframework.cloud.client.loadbalancer.LoadBalancerClientsProperties] is not eligible for getting processed by all BeanPostProcessors (for example: not eligible for auto-proxying). Is this bean getting eagerly injected into a currently created BeanPostProcessor [lbRestClientPostProcessor]? Check the corresponding BeanPostProcessor declaration and its dependencies.
&amp#27;[2m2025-01-26T17:53:36.129+08:00&amp#27;[0;39m &amp#27;[33m WARN&amp#27;[0;39m &amp#27;[35m66356&amp#27;[0;39m &amp#27;[2m---&amp#27;[0;39m &amp#27;[2m[naming-server] [           main]&amp#27;[0;39m &amp#27;[2m&amp#27;[0;39m&amp#27;[36mtrationDelegate$BeanPostProcessorChecker&amp#27;[0;39m &amp#27;[2m:&amp#27;[0;39m Bean 'default.org.springframework.cloud.loadbalancer.config.LoadBalancerAutoConfiguration.LoadBalancerClientSpecification' of type [org.springframework.cloud.loadbalancer.annotation.LoadBalancerClientSpecification] is not eligible for getting processed by all BeanPostProcessors (for example: not eligible for auto-proxying). Is this bean getting eagerly injected into a currently created BeanPostProcessor [lbRestClientPostProcessor]? Check the corresponding BeanPostProcessor declaration and its dependencies.
&amp#27;[2m2025-01-26T17:53:36.130+08:00&amp#27;[0;39m &amp#27;[33m WARN&amp#27;[0;39m &amp#27;[35m66356&amp#27;[0;39m &amp#27;[2m---&amp#27;[0;39m &amp#27;[2m[naming-server] [           main]&amp#27;[0;39m &amp#27;[2m&amp#27;[0;39m&amp#27;[36mtrationDelegate$BeanPostProcessorChecker&amp#27;[0;39m &amp#27;[2m:&amp#27;[0;39m Bean 'default.org.springframework.cloud.loadbalancer.config.BlockingLoadBalancerClientAutoConfiguration.LoadBalancerClientSpecification' of type [org.springframework.cloud.loadbalancer.annotation.LoadBalancerClientSpecification] is not eligible for getting processed by all BeanPostProcessors (for example: not eligible for auto-proxying). Is this bean getting eagerly injected into a currently created BeanPostProcessor [lbRestClientPostProcessor]? Check the corresponding BeanPostProcessor declaration and its dependencies.
&amp#27;[2m2025-01-26T17:53:36.130+08:00&amp#27;[0;39m &amp#27;[33m WARN&amp#27;[0;39m &amp#27;[35m66356&amp#27;[0;39m &amp#27;[2m---&amp#27;[0;39m &amp#27;[2m[naming-server] [           main]&amp#27;[0;39m &amp#27;[2m&amp#27;[0;39m&amp#27;[36mtrationDelegate$BeanPostProcessorChecker&amp#27;[0;39m &amp#27;[2m:&amp#27;[0;39m Bean 'default.org.springframework.cloud.netflix.eureka.loadbalancer.LoadBalancerEurekaAutoConfiguration.LoadBalancerClientSpecification' of type [org.springframework.cloud.loadbalancer.annotation.LoadBalancerClientSpecification] is not eligible for getting processed by all BeanPostProcessors (for example: not eligible for auto-proxying). Is this bean getting eagerly injected into a currently created BeanPostProcessor [lbRestClientPostProcessor]? Check the corresponding BeanPostProcessor declaration and its dependencies.
&amp#27;[2m2025-01-26T17:53:36.131+08:00&amp#27;[0;39m &amp#27;[33m WARN&amp#27;[0;39m &amp#27;[35m66356&amp#27;[0;39m &amp#27;[2m---&amp#27;[0;39m &amp#27;[2m[naming-server] [           main]&amp#27;[0;39m &amp#27;[2m&amp#27;[0;39m&amp#27;[36mtrationDelegate$BeanPostProcessorChecker&amp#27;[0;39m &amp#27;[2m:&amp#27;[0;39m Bean 'loadBalancerClientFactory' of type [org.springframework.cloud.loadbalancer.support.LoadBalancerClientFactory] is not eligible for getting processed by all BeanPostProcessors (for example: not eligible for auto-proxying). Is this bean getting eagerly injected into a currently created BeanPostProcessor [lbRestClientPostProcessor]? Check the corresponding BeanPostProcessor declaration and its dependencies.
&amp#27;[2m2025-01-26T17:53:36.132+08:00&amp#27;[0;39m &amp#27;[33m WARN&amp#27;[0;39m &amp#27;[35m66356&amp#27;[0;39m &amp#27;[2m---&amp#27;[0;39m &amp#27;[2m[naming-server] [           main]&amp#27;[0;39m &amp#27;[2m&amp#27;[0;39m&amp#27;[36mtrationDelegate$BeanPostProcessorChecker&amp#27;[0;39m &amp#27;[2m:&amp#27;[0;39m Bean 'blockingLoadBalancerClient' of type [org.springframework.cloud.loadbalancer.blocking.client.BlockingLoadBalancerClient] is not eligible for getting processed by all BeanPostProcessors (for example: not eligible for auto-proxying). Is this bean getting eagerly injected into a currently created BeanPostProcessor [lbRestClientPostProcessor]? Check the corresponding BeanPostProcessor declaration and its dependencies.
&amp#27;[2m2025-01-26T17:53:36.134+08:00&amp#27;[0;39m &amp#27;[33m WARN&amp#27;[0;39m &amp#27;[35m66356&amp#27;[0;39m &amp#27;[2m---&amp#27;[0;39m &amp#27;[2m[naming-server] [           main]&amp#27;[0;39m &amp#27;[2m&amp#27;[0;39m&amp#27;[36mtrationDelegate$BeanPostProcessorChecker&amp#27;[0;39m &amp#27;[2m:&amp#27;[0;39m Bean 'loadBalancerServiceInstanceCookieTransformer' of type [org.springframework.cloud.loadbalancer.core.LoadBalancerServiceInstanceCookieTransformer] is not eligible for getting processed by all BeanPostProcessors (for example: not eligible for auto-proxying). Is this bean getting eagerly injected into a currently created BeanPostProcessor [lbRestClientPostProcessor]? Check the corresponding BeanPostProcessor declaration and its dependencies.
&amp#27;[2m2025-01-26T17:53:36.135+08:00&amp#27;[0;39m &amp#27;[33m WARN&amp#27;[0;39m &amp#27;[35m66356&amp#27;[0;39m &amp#27;[2m---&amp#27;[0;39m &amp#27;[2m[naming-server] [           main]&amp#27;[0;39m &amp#27;[2m&amp#27;[0;39m&amp#27;[36mtrationDelegate$BeanPostProcessorChecker&amp#27;[0;39m &amp#27;[2m:&amp#27;[0;39m Bean 'xForwarderHeadersTransformer' of type [org.springframework.cloud.loadbalancer.blocking.XForwardedHeadersTransformer] is not eligible for getting processed by all BeanPostProcessors (for example: not eligible for auto-proxying). Is this bean getting eagerly injected into a currently created BeanPostProcessor [lbRestClientPostProcessor]? Check the corresponding BeanPostProcessor declaration and its dependencies.
&amp#27;[2m2025-01-26T17:53:36.136+08:00&amp#27;[0;39m &amp#27;[33m WARN&amp#27;[0;39m &amp#27;[35m66356&amp#27;[0;39m &amp#27;[2m---&amp#27;[0;39m &amp#27;[2m[naming-server] [           main]&amp#27;[0;39m &amp#27;[2m&amp#27;[0;39m&amp#27;[36mtrationDelegate$BeanPostProcessorChecker&amp#27;[0;39m &amp#27;[2m:&amp#27;[0;39m Bean 'org.springframework.cloud.client.loadbalancer.LoadBalancerAutoConfiguration' of type [org.springframework.cloud.client.loadbalancer.LoadBalancerAutoConfiguration] is not eligible for getting processed by all BeanPostProcessors (for example: not eligible for auto-proxying). Is this bean getting eagerly injected into a currently created BeanPostProcessor [lbRestClientPostProcessor]? Check the corresponding BeanPostProcessor declaration and its dependencies.
&amp#27;[2m2025-01-26T17:53:36.136+08:00&amp#27;[0;39m &amp#27;[33m WARN&amp#27;[0;39m &amp#27;[35m66356&amp#27;[0;39m &amp#27;[2m---&amp#27;[0;39m &amp#27;[2m[naming-server] [           main]&amp#27;[0;39m &amp#27;[2m&amp#27;[0;39m&amp#27;[36mtrationDelegate$BeanPostProcessorChecker&amp#27;[0;39m &amp#27;[2m:&amp#27;[0;39m Bean 'loadBalancerRequestFactory' of type [org.springframework.cloud.client.loadbalancer.LoadBalancerRequestFactory] is not eligible for getting processed by all BeanPostProcessors (for example: not eligible for auto-proxying). Is this bean getting eagerly injected into a currently created BeanPostProcessor [lbRestClientPostProcessor]? Check the corresponding BeanPostProcessor declaration and its dependencies.
&amp#27;[2m2025-01-26T17:53:36.137+08:00&amp#27;[0;39m &amp#27;[33m WARN&amp#27;[0;39m &amp#27;[35m66356&amp#27;[0;39m &amp#27;[2m---&amp#27;[0;39m &amp#27;[2m[naming-server] [           main]&amp#27;[0;39m &amp#27;[2m&amp#27;[0;39m&amp#27;[36mtrationDelegate$BeanPostProcessorChecker&amp#27;[0;39m &amp#27;[2m:&amp#27;[0;39m Bean 'loadBalancerInterceptor' of type [org.springframework.cloud.client.loadbalancer.LoadBalancerInterceptor] is not eligible for getting processed by all BeanPostProcessors (for example: not eligible for auto-proxying). Is this bean getting eagerly injected into a currently created BeanPostProcessor [lbRestClientPostProcessor]? Check the corresponding BeanPostProcessor declaration and its dependencies.
&amp#27;[2m2025-01-26T17:53:36.635+08:00&amp#27;[0;39m &amp#27;[33m WARN&amp#27;[0;39m &amp#27;[35m66356&amp#27;[0;39m &amp#27;[2m---&amp#27;[0;39m &amp#27;[2m[naming-server] [           main]&amp#27;[0;39m &amp#27;[2m&amp#27;[0;39m&amp#27;[36miguration$LoadBalancerCaffeineWarnLogger&amp#27;[0;39m &amp#27;[2m:&amp#27;[0;39m Spring Cloud LoadBalancer is currently working with the default cache. While this cache implementation is useful for development and tests, it's recommended to use Caffeine cache in production.You can switch to using Caffeine cache, by adding it and org.springframework.cache.caffeine.CaffeineCacheManager to the classpath.
&amp#27;[2m2025-01-26T17:53:36.759+08:00&amp#27;[0;39m &amp#27;[32m INFO&amp#27;[0;39m &amp#27;[35m66356&amp#27;[0;39m &amp#27;[2m---&amp#27;[0;39m &amp#27;[2m[naming-server] [           main]&amp#27;[0;39m &amp#27;[2m&amp#27;[0;39m&amp#27;[36mo.s.c.n.eureka.InstanceInfoFactory      &amp#27;[0;39m &amp#27;[2m:&amp#27;[0;39m Setting initial instance status as: STARTING
&amp#27;[2m2025-01-26T17:53:36.772+08:00&amp#27;[0;39m &amp#27;[32m INFO&amp#27;[0;39m &amp#27;[35m66356&amp#27;[0;39m &amp#27;[2m---&amp#27;[0;39m &amp#27;[2m[naming-server] [           main]&amp#27;[0;39m &amp#27;[2m&amp#27;[0;39m&amp#27;[36mcom.netflix.discovery.DiscoveryClient   &amp#27;[0;39m &amp#27;[2m:&amp#27;[0;39m Initializing Eureka in region us-east-1
&amp#27;[2m2025-01-26T17:53:36.773+08:00&amp#27;[0;39m &amp#27;[32m INFO&amp#27;[0;39m &amp#27;[35m66356&amp#27;[0;39m &amp#27;[2m---&amp#27;[0;39m &amp#27;[2m[naming-server] [           main]&amp#27;[0;39m &amp#27;[2m&amp#27;[0;39m&amp#27;[36mcom.netflix.discovery.DiscoveryClient   &amp#27;[0;39m &amp#27;[2m:&amp#27;[0;39m Client configured to neither register nor query for data.
&amp#27;[2m2025-01-26T17:53:36.776+08:00&amp#27;[0;39m &amp#27;[32m INFO&amp#27;[0;39m &amp#27;[35m66356&amp#27;[0;39m &amp#27;[2m---&amp#27;[0;39m &amp#27;[2m[naming-server] [           main]&amp#27;[0;39m &amp#27;[2m&amp#27;[0;39m&amp#27;[36mcom.netflix.discovery.DiscoveryClient   &amp#27;[0;39m &amp#27;[2m:&amp#27;[0;39m Discovery Client initialized at timestamp 1737885216776 with initial instances count: 0
&amp#27;[2m2025-01-26T17:53:36.795+08:00&amp#27;[0;39m &amp#27;[32m INFO&amp#27;[0;39m &amp#27;[35m66356&amp#27;[0;39m &amp#27;[2m---&amp#27;[0;39m &amp#27;[2m[naming-server] [           main]&amp#27;[0;39m &amp#27;[2m&amp#27;[0;39m&amp#27;[36mc.n.eureka.DefaultEurekaServerContext   &amp#27;[0;39m &amp#27;[2m:&amp#27;[0;39m Initializing ...
&amp#27;[2m2025-01-26T17:53:36.796+08:00&amp#27;[0;39m &amp#27;[33m WARN&amp#27;[0;39m &amp#27;[35m66356&amp#27;[0;39m &amp#27;[2m---&amp#27;[0;39m &amp#27;[2m[naming-server] [           main]&amp#27;[0;39m &amp#27;[2m&amp#27;[0;39m&amp#27;[36mc.n.eureka.cluster.PeerEurekaNodes      &amp#27;[0;39m &amp#27;[2m:&amp#27;[0;39m The replica size seems to be empty. Check the route 53 DNS Registry
&amp#27;[2m2025-01-26T17:53:36.845+08:00&amp#27;[0;39m &amp#27;[32m INFO&amp#27;[0;39m &amp#27;[35m66356&amp#27;[0;39m &amp#27;[2m---&amp#27;[0;39m &amp#27;[2m[naming-server] [           main]&amp#27;[0;39m &amp#27;[2m&amp#27;[0;39m&amp#27;[36mc.n.e.registry.AbstractInstanceRegistry &amp#27;[0;39m &amp#27;[2m:&amp#27;[0;39m Finished initializing remote region registries. All known remote regions: []
&amp#27;[2m2025-01-26T17:53:36.846+08:00&amp#27;[0;39m &amp#27;[32m INFO&amp#27;[0;39m &amp#27;[35m66356&amp#27;[0;39m &amp#27;[2m---&amp#27;[0;39m &amp#27;[2m[naming-server] [           main]&amp#27;[0;39m &amp#27;[2m&amp#27;[0;39m&amp#27;[36mc.n.eureka.DefaultEurekaServerContext   &amp#27;[0;39m &amp#27;[2m:&amp#27;[0;39m Initialized
&amp#27;[2m2025-01-26T17:53:36.900+08:00&amp#27;[0;39m &amp#27;[32m INFO&amp#27;[0;39m &amp#27;[35m66356&amp#27;[0;39m &amp#27;[2m---&amp#27;[0;39m &amp#27;[2m[naming-server] [           main]&amp#27;[0;39m &amp#27;[2m&amp#27;[0;39m&amp#27;[36mo.s.b.a.e.web.EndpointLinksResolver     &amp#27;[0;39m &amp#27;[2m:&amp#27;[0;39m Exposing 1 endpoint(s) beneath base path '/actuator'
&amp#27;[2m2025-01-26T17:53:36.923+08:00&amp#27;[0;39m &amp#27;[32m INFO&amp#27;[0;39m &amp#27;[35m66356&amp#27;[0;39m &amp#27;[2m---&amp#27;[0;39m &amp#27;[2m[naming-server] [           main]&amp#27;[0;39m &amp#27;[2m&amp#27;[0;39m&amp#27;[36mo.s.c.n.e.s.EurekaServiceRegistry       &amp#27;[0;39m &amp#27;[2m:&amp#27;[0;39m Registering application NAMING-SERVER with eureka with status UP
&amp#27;[2m2025-01-26T17:53:36.930+08:00&amp#27;[0;39m &amp#27;[32m INFO&amp#27;[0;39m &amp#27;[35m66356&amp#27;[0;39m &amp#27;[2m---&amp#27;[0;39m &amp#27;[2m[naming-server] [      Thread-11]&amp#27;[0;39m &amp#27;[2m&amp#27;[0;39m&amp#27;[36mo.s.c.n.e.server.EurekaServerBootstrap  &amp#27;[0;39m &amp#27;[2m:&amp#27;[0;39m isAws returned false
&amp#27;[2m2025-01-26T17:53:36.935+08:00&amp#27;[0;39m &amp#27;[32m INFO&amp#27;[0;39m &amp#27;[35m66356&amp#27;[0;39m &amp#27;[2m---&amp#27;[0;39m &amp#27;[2m[naming-server] [      Thread-11]&amp#27;[0;39m &amp#27;[2m&amp#27;[0;39m&amp#27;[36mo.s.c.n.e.server.EurekaServerBootstrap  &amp#27;[0;39m &amp#27;[2m:&amp#27;[0;39m Initialized server context
&amp#27;[2m2025-01-26T17:53:36.935+08:00&amp#27;[0;39m &amp#27;[32m INFO&amp#27;[0;39m &amp#27;[35m66356&amp#27;[0;39m &amp#27;[2m---&amp#27;[0;39m &amp#27;[2m[naming-server] [      Thread-11]&amp#27;[0;39m &amp#27;[2m&amp#27;[0;39m&amp#27;[36mc.n.e.r.PeerAwareInstanceRegistryImpl   &amp#27;[0;39m &amp#27;[2m:&amp#27;[0;39m Got 1 instances from neighboring DS node
&amp#27;[2m2025-01-26T17:53:36.935+08:00&amp#27;[0;39m &amp#27;[32m INFO&amp#27;[0;39m &amp#27;[35m66356&amp#27;[0;39m &amp#27;[2m---&amp#27;[0;39m &amp#27;[2m[naming-server] [      Thread-11]&amp#27;[0;39m &amp#27;[2m&amp#27;[0;39m&amp#27;[36mc.n.e.r.PeerAwareInstanceRegistryImpl   &amp#27;[0;39m &amp#27;[2m:&amp#27;[0;39m Renew threshold is: 1
&amp#27;[2m2025-01-26T17:53:36.935+08:00&amp#27;[0;39m &amp#27;[32m INFO&amp#27;[0;39m &amp#27;[35m66356&amp#27;[0;39m &amp#27;[2m---&amp#27;[0;39m &amp#27;[2m[naming-server] [      Thread-11]&amp#27;[0;39m &amp#27;[2m&amp#27;[0;39m&amp#27;[36mc.n.e.r.PeerAwareInstanceRegistryImpl   &amp#27;[0;39m &amp#27;[2m:&amp#27;[0;39m Changing status to UP
&amp#27;[2m2025-01-26T17:53:36.941+08:00&amp#27;[0;39m &amp#27;[32m INFO&amp#27;[0;39m &amp#27;[35m66356&amp#27;[0;39m &amp#27;[2m---&amp#27;[0;39m &amp#27;[2m[naming-server] [      Thread-11]&amp#27;[0;39m &amp#27;[2m&amp#27;[0;39m&amp#27;[36me.s.EurekaServerInitializerConfiguration&amp#27;[0;39m &amp#27;[2m:&amp#27;[0;39m Started Eureka Server
&amp#27;[2m2025-01-26T17:53:36.946+08:00&amp#27;[0;39m &amp#27;[32m INFO&amp#27;[0;39m &amp#27;[35m66356&amp#27;[0;39m &amp#27;[2m---&amp#27;[0;39m &amp#27;[2m[naming-server] [           main]&amp#27;[0;39m &amp#27;[2m&amp#27;[0;39m&amp#27;[36mc.i.m.n.NamingServerApplicationTests    &amp#27;[0;39m &amp#27;[2m:&amp#27;[0;39m Started NamingServerApplicationTests in 1.756 seconds (process running for 2.213)
]]></system-out>
    <system-err><![CDATA[WARNING: A Java agent has been loaded dynamically (/Users/win/.m2/repository/net/bytebuddy/byte-buddy-agent/1.14.10/byte-buddy-agent-1.14.10.jar)
WARNING: If a serviceability tool is in use, please run with -XX:+EnableDynamicAgentLoading to hide this warning
WARNING: If a serviceability tool is not in use, please run with -Djdk.instrument.traceUsage for more information
WARNING: Dynamic loading of agents will be disallowed by default in a future release
]]></system-err>
  </testcase>
</testsuite>